2019-07-23 00:02:39,963 INFO PERFORMANCE:|4|0|-1|-1

2019-07-23 00:07:39,983 INFO PERFORMANCE:|4|0|-1|-1

2019-07-23 00:12:39,984 INFO PERFORMANCE:|4|0|-1|-1

2019-07-23 00:17:39,984 INFO PERFORMANCE:|4|0|-1|-1

2019-07-23 00:22:39,985 INFO PERFORMANCE:|4|0|-1|-1

2019-07-23 00:27:39,985 INFO PERFORMANCE:|4|0|-1|-1

2019-07-23 00:32:39,985 INFO PERFORMANCE:|4|0|-1|-1

2019-07-23 00:37:39,986 INFO PERFORMANCE:|4|0|-1|-1

2019-07-23 00:42:39,987 INFO PERFORMANCE:|4|0|-1|-1

2019-07-23 00:47:39,987 INFO PERFORMANCE:|4|0|-1|-1

2019-07-23 00:52:39,987 INFO PERFORMANCE:|4|0|-1|-1

2019-07-23 00:57:39,988 INFO PERFORMANCE:|4|0|-1|-1

2019-07-23 01:02:39,988 INFO PERFORMANCE:|4|0|-1|-1

2019-07-23 01:07:39,989 INFO PERFORMANCE:|4|0|-1|-1

2019-07-23 01:12:39,989 INFO PERFORMANCE:|4|0|-1|-1

2019-07-23 01:17:39,989 INFO PERFORMANCE:|4|0|-1|-1

2019-07-23 01:22:39,990 INFO PERFORMANCE:|4|0|-1|-1

2019-07-23 01:27:39,990 INFO PERFORMANCE:|4|0|-1|-1

2019-07-23 01:32:39,991 INFO PERFORMANCE:|4|0|-1|-1

2019-07-23 01:37:39,991 INFO PERFORMANCE:|4|0|-1|-1

2019-07-23 01:42:39,992 INFO PERFORMANCE:|4|0|-1|-1

2019-07-23 01:47:39,992 INFO PERFORMANCE:|4|0|-1|-1

2019-07-23 01:52:39,993 INFO PERFORMANCE:|4|0|-1|-1

2019-07-23 01:57:39,993 INFO PERFORMANCE:|4|0|-1|-1

2019-07-23 02:02:39,994 INFO PERFORMANCE:|4|0|-1|-1

2019-07-23 02:07:39,994 INFO PERFORMANCE:|4|0|-1|-1

2019-07-23 02:12:39,995 INFO PERFORMANCE:|4|0|-1|-1

2019-07-23 02:17:39,995 INFO PERFORMANCE:|4|0|-1|-1

2019-07-23 02:22:39,996 INFO PERFORMANCE:|4|0|-1|-1

2019-07-23 02:27:39,996 INFO PERFORMANCE:|4|0|-1|-1

2019-07-23 02:32:39,997 INFO PERFORMANCE:|4|0|-1|-1

2019-07-23 02:37:39,997 INFO PERFORMANCE:|4|0|-1|-1

2019-07-23 02:42:39,997 INFO PERFORMANCE:|4|0|-1|-1

2019-07-23 02:47:39,997 INFO PERFORMANCE:|4|0|-1|-1

2019-07-23 02:52:39,998 INFO PERFORMANCE:|4|0|-1|-1

2019-07-23 02:57:39,998 INFO PERFORMANCE:|4|0|-1|-1

2019-07-23 03:02:39,998 INFO PERFORMANCE:|4|0|-1|-1

2019-07-23 03:07:39,999 INFO PERFORMANCE:|4|0|-1|-1

2019-07-23 03:12:39,999 INFO PERFORMANCE:|4|0|-1|-1

2019-07-23 03:17:40,000 INFO PERFORMANCE:|4|0|-1|-1

2019-07-23 03:22:40,000 INFO PERFORMANCE:|4|0|-1|-1

2019-07-23 03:27:40,001 INFO PERFORMANCE:|4|0|-1|-1

2019-07-23 03:32:40,001 INFO PERFORMANCE:|4|0|-1|-1

2019-07-23 03:37:40,001 INFO PERFORMANCE:|4|0|-1|-1

2019-07-23 03:42:40,002 INFO PERFORMANCE:|4|0|-1|-1

2019-07-23 03:47:40,002 INFO PERFORMANCE:|4|0|-1|-1

2019-07-23 03:52:40,003 INFO PERFORMANCE:|4|0|-1|-1

2019-07-23 03:57:40,003 INFO PERFORMANCE:|4|0|-1|-1

2019-07-23 04:02:40,004 INFO PERFORMANCE:|4|0|-1|-1

2019-07-23 04:07:40,004 INFO PERFORMANCE:|4|0|-1|-1

